<?xml version="1.0" encoding="UTF-8"?>
<!-- Generated by org.testng.reporters.JUnitXMLReporter -->
<testsuite ignored="0" hostname="DESKTOP-OP2678Q" failures="0" tests="5" name="Open Cart Home Page Test_edge" time="39.642" errors="0" timestamp="2023-04-05T13:35:36 MSK">
  <testcase classname="com.qa.opencart.tests.HomePageTest" name="homePageTitleTest" time="0.023"/>
  <testcase classname="com.qa.opencart.tests.HomePageTest" name="homePageURLTest" time="0.001"/>
  <testcase classname="com.qa.opencart.tests.HomePageTest" name="searchTest" time="5.724"/>
  <testcase classname="com.qa.opencart.tests.HomePageTest" name="searchTest" time="5.637"/>
  <testcase classname="com.qa.opencart.tests.HomePageTest" name="searchTest" time="6.124"/>
</testsuite> <!-- Open Cart Home Page Test_edge -->
