<?xml version="1.0" encoding="UTF-8"?>
<!-- Generated by org.testng.reporters.JUnitXMLReporter -->
<testsuite ignored="0" hostname="DESKTOP-OP2678Q" failures="0" tests="3" name="Open Cart Login Page Test_edge" time="27.473" errors="0" timestamp="2023-04-05T13:35:24 MSK">
  <testcase classname="com.qa.opencart.tests.LoginPageTest" name="loginPageNavigationTest" time="0.671"/>
  <testcase classname="com.qa.opencart.tests.LoginPageTest" name="forgotPwdLinkExistTest" time="0.029"/>
  <testcase classname="com.qa.opencart.tests.LoginPageTest" name="appLoginTest" time="1.564"/>
</testsuite> <!-- Open Cart Login Page Test_edge -->
