<?xml version="1.0" encoding="UTF-8"?>
<!-- Generated by org.testng.reporters.JUnitXMLReporter -->
<testsuite ignored="0" hostname="DESKTOP-OP2678Q" failures="0" tests="5" name="Open Cart Home Page Test_chrome" time="38.603" errors="0" timestamp="2023-04-05T13:35:35 MSK">
  <testcase classname="com.qa.opencart.tests.HomePageTest" name="homePageTitleTest" time="0.109"/>
  <testcase classname="com.qa.opencart.tests.HomePageTest" name="homePageURLTest" time="0.002"/>
  <testcase classname="com.qa.opencart.tests.HomePageTest" name="searchTest" time="5.623"/>
  <testcase classname="com.qa.opencart.tests.HomePageTest" name="searchTest" time="5.852"/>
  <testcase classname="com.qa.opencart.tests.HomePageTest" name="searchTest" time="5.606"/>
</testsuite> <!-- Open Cart Home Page Test_chrome -->
