<?xml version="1.0" encoding="UTF-8"?>
<testsuite xmlns:xsi="http://www.w3.org/2001/XMLSchema-instance" xsi:noNamespaceSchemaLocation="https://maven.apache.org/surefire/maven-surefire-plugin/xsd/surefire-test-report.xsd" name="TestSuite" time="40.295" tests="16" errors="0" skipped="0" failures="0">
  <properties>
[...]
</properties>
  <testcase name="homePageTitleTest" classname="com.qa.opencart.tests.HomePageTest" time="0.116"/>
  <testcase name="homePageTitleTest" classname="com.qa.opencart.tests.HomePageTest" time="0.023"/>
  <testcase name="homePageURLTest" classname="com.qa.opencart.tests.HomePageTest" time="0.001"/>
  <testcase name="homePageURLTest" classname="com.qa.opencart.tests.HomePageTest" time="0.002"/>
  <testcase name="loginPageNavigationTest" classname="com.qa.opencart.tests.LoginPageTest" time="0.335"/>
  <testcase name="loginPageNavigationTest" classname="com.qa.opencart.tests.LoginPageTest" time="0.447"/>
  <testcase name="forgotPwdLinkExistTest" classname="com.qa.opencart.tests.LoginPageTest" time="0.03"/>
  <testcase name="forgotPwdLinkExistTest" classname="com.qa.opencart.tests.LoginPageTest" time="0.026"/>
  <testcase name="searchTest" classname="com.qa.opencart.tests.HomePageTest" time="0.871"/>
  <testcase name="searchTest" classname="com.qa.opencart.tests.HomePageTest" time="0.663"/>
  <testcase name="searchTest" classname="com.qa.opencart.tests.HomePageTest" time="5.19"/>
  <testcase name="searchTest" classname="com.qa.opencart.tests.HomePageTest" time="0.446"/>
  <testcase name="searchTest" classname="com.qa.opencart.tests.HomePageTest" time="5.16"/>
  <testcase name="searchTest" classname="com.qa.opencart.tests.HomePageTest" time="6.124"/>
  <testcase name="appLoginTest" classname="com.qa.opencart.tests.LoginPageTest" time="0.206"/>
  <testcase name="appLoginTest" classname="com.qa.opencart.tests.LoginPageTest" time="0.22"/>
</testsuite>