<?xml version="1.0" encoding="UTF-8"?>
<testng-results ignored="0" total="16" passed="16" failed="0" skipped="0">
  <reporter-output>
  </reporter-output>
  <suite started-at="2023-04-05T13:34:57 MSK" name="Open Cart Test Regression PW Suite" finished-at="2023-04-05T13:35:36 MSK" duration-ms="39642">
    <groups>
    </groups>
    <test started-at="2023-04-05T13:34:57 MSK" name="Open Cart Login Page Test_chrome" finished-at="2023-04-05T13:35:24 MSK" duration-ms="27415">
      <class name="com.qa.opencart.tests.LoginPageTest">
        <test-method is-config="true" signature="setup(java.lang.String)[pri:0, instance:com.qa.opencart.tests.LoginPageTest@3e27aa33]" started-at="2023-04-05T13:34:57 MSK" name="setup" finished-at="2023-04-05T13:35:22 MSK" duration-ms="25304" status="PASS">
          <params>
            <param index="0">
              <value>
                <![CDATA[chrome]]>
              </value>
            </param>
          </params>
          <reporter-output>
          </reporter-output>
        </test-method> <!-- setup -->
        <test-method signature="loginPageNavigationTest()[pri:1, instance:com.qa.opencart.tests.LoginPageTest@3e27aa33]" started-at="2023-04-05T13:35:22 MSK" name="loginPageNavigationTest" finished-at="2023-04-05T13:35:23 MSK" duration-ms="814" status="PASS">
          <reporter-output>
          </reporter-output>
        </test-method> <!-- loginPageNavigationTest -->
        <test-method signature="forgotPwdLinkExistTest()[pri:2, instance:com.qa.opencart.tests.LoginPageTest@3e27aa33]" started-at="2023-04-05T13:35:23 MSK" name="forgotPwdLinkExistTest" finished-at="2023-04-05T13:35:23 MSK" duration-ms="25" status="PASS">
          <reporter-output>
          </reporter-output>
        </test-method> <!-- forgotPwdLinkExistTest -->
        <test-method signature="appLoginTest()[pri:3, instance:com.qa.opencart.tests.LoginPageTest@3e27aa33]" started-at="2023-04-05T13:35:23 MSK" name="appLoginTest" finished-at="2023-04-05T13:35:24 MSK" duration-ms="1076" status="PASS">
          <reporter-output>
          </reporter-output>
        </test-method> <!-- appLoginTest -->
        <test-method is-config="true" signature="tearDown()[pri:0, instance:com.qa.opencart.tests.LoginPageTest@3e27aa33]" started-at="2023-04-05T13:35:24 MSK" name="tearDown" finished-at="2023-04-05T13:35:24 MSK" duration-ms="183" status="PASS">
          <reporter-output>
          </reporter-output>
        </test-method> <!-- tearDown -->
      </class> <!-- com.qa.opencart.tests.LoginPageTest -->
    </test> <!-- Open Cart Login Page Test_chrome -->
    <test started-at="2023-04-05T13:34:57 MSK" name="Open Cart Login Page Test_edge" finished-at="2023-04-05T13:35:24 MSK" duration-ms="27473">
      <class name="com.qa.opencart.tests.LoginPageTest">
        <test-method is-config="true" signature="setup(java.lang.String)[pri:0, instance:com.qa.opencart.tests.LoginPageTest@740cae06]" started-at="2023-04-05T13:34:57 MSK" name="setup" finished-at="2023-04-05T13:35:22 MSK" duration-ms="24967" status="PASS">
          <params>
            <param index="0">
              <value>
                <![CDATA[edge]]>
              </value>
            </param>
          </params>
          <reporter-output>
          </reporter-output>
        </test-method> <!-- setup -->
        <test-method signature="loginPageNavigationTest()[pri:1, instance:com.qa.opencart.tests.LoginPageTest@740cae06]" started-at="2023-04-05T13:35:22 MSK" name="loginPageNavigationTest" finished-at="2023-04-05T13:35:22 MSK" duration-ms="671" status="PASS">
          <reporter-output>
          </reporter-output>
        </test-method> <!-- loginPageNavigationTest -->
        <test-method signature="forgotPwdLinkExistTest()[pri:2, instance:com.qa.opencart.tests.LoginPageTest@740cae06]" started-at="2023-04-05T13:35:22 MSK" name="forgotPwdLinkExistTest" finished-at="2023-04-05T13:35:22 MSK" duration-ms="29" status="PASS">
          <reporter-output>
          </reporter-output>
        </test-method> <!-- forgotPwdLinkExistTest -->
        <test-method signature="appLoginTest()[pri:3, instance:com.qa.opencart.tests.LoginPageTest@740cae06]" started-at="2023-04-05T13:35:22 MSK" name="appLoginTest" finished-at="2023-04-05T13:35:24 MSK" duration-ms="1564" status="PASS">
          <reporter-output>
          </reporter-output>
        </test-method> <!-- appLoginTest -->
        <test-method is-config="true" signature="tearDown()[pri:0, instance:com.qa.opencart.tests.LoginPageTest@740cae06]" started-at="2023-04-05T13:35:24 MSK" name="tearDown" finished-at="2023-04-05T13:35:24 MSK" duration-ms="226" status="PASS">
          <reporter-output>
          </reporter-output>
        </test-method> <!-- tearDown -->
      </class> <!-- com.qa.opencart.tests.LoginPageTest -->
    </test> <!-- Open Cart Login Page Test_edge -->
    <test started-at="2023-04-05T13:34:57 MSK" name="Open Cart Home Page Test_chrome" finished-at="2023-04-05T13:35:35 MSK" duration-ms="38603">
      <class name="com.qa.opencart.tests.HomePageTest">
        <test-method is-config="true" signature="setup(java.lang.String)[pri:0, instance:com.qa.opencart.tests.HomePageTest@53aac487]" started-at="2023-04-05T13:34:57 MSK" name="setup" finished-at="2023-04-05T13:35:18 MSK" duration-ms="21237" status="PASS">
          <params>
            <param index="0">
              <value>
                <![CDATA[chrome]]>
              </value>
            </param>
          </params>
          <reporter-output>
          </reporter-output>
        </test-method> <!-- setup -->
        <test-method signature="homePageTitleTest()[pri:0, instance:com.qa.opencart.tests.HomePageTest@53aac487]" started-at="2023-04-05T13:35:18 MSK" name="homePageTitleTest" finished-at="2023-04-05T13:35:18 MSK" duration-ms="109" status="PASS">
          <reporter-output>
          </reporter-output>
        </test-method> <!-- homePageTitleTest -->
        <test-method signature="homePageURLTest()[pri:0, instance:com.qa.opencart.tests.HomePageTest@53aac487]" started-at="2023-04-05T13:35:18 MSK" name="homePageURLTest" finished-at="2023-04-05T13:35:18 MSK" duration-ms="2" status="PASS">
          <reporter-output>
          </reporter-output>
        </test-method> <!-- homePageURLTest -->
        <test-method signature="searchTest(java.lang.String)[pri:0, instance:com.qa.opencart.tests.HomePageTest@53aac487]" started-at="2023-04-05T13:35:18 MSK" name="searchTest" data-provider="getProductData" finished-at="2023-04-05T13:35:24 MSK" duration-ms="5623" status="PASS">
          <params>
            <param index="0">
              <value>
                <![CDATA[Macbook]]>
              </value>
            </param>
          </params>
          <reporter-output>
          </reporter-output>
        </test-method> <!-- searchTest -->
        <test-method signature="searchTest(java.lang.String)[pri:0, instance:com.qa.opencart.tests.HomePageTest@53aac487]" started-at="2023-04-05T13:35:24 MSK" name="searchTest" data-provider="getProductData" finished-at="2023-04-05T13:35:29 MSK" duration-ms="5852" status="PASS">
          <params>
            <param index="0">
              <value>
                <![CDATA[iMac]]>
              </value>
            </param>
          </params>
          <reporter-output>
          </reporter-output>
        </test-method> <!-- searchTest -->
        <test-method signature="searchTest(java.lang.String)[pri:0, instance:com.qa.opencart.tests.HomePageTest@53aac487]" started-at="2023-04-05T13:35:29 MSK" name="searchTest" data-provider="getProductData" finished-at="2023-04-05T13:35:35 MSK" duration-ms="5606" status="PASS">
          <params>
            <param index="0">
              <value>
                <![CDATA[Samsung]]>
              </value>
            </param>
          </params>
          <reporter-output>
          </reporter-output>
        </test-method> <!-- searchTest -->
        <test-method is-config="true" signature="tearDown()[pri:0, instance:com.qa.opencart.tests.HomePageTest@53aac487]" started-at="2023-04-05T13:35:35 MSK" name="tearDown" finished-at="2023-04-05T13:35:35 MSK" duration-ms="117" status="PASS">
          <reporter-output>
          </reporter-output>
        </test-method> <!-- tearDown -->
      </class> <!-- com.qa.opencart.tests.HomePageTest -->
    </test> <!-- Open Cart Home Page Test_chrome -->
    <test started-at="2023-04-05T13:34:57 MSK" name="Open Cart Home Page Test_edge" finished-at="2023-04-05T13:35:36 MSK" duration-ms="39642">
      <class name="com.qa.opencart.tests.HomePageTest">
        <test-method is-config="true" signature="setup(java.lang.String)[pri:0, instance:com.qa.opencart.tests.HomePageTest@298a5e20]" started-at="2023-04-05T13:34:57 MSK" name="setup" finished-at="2023-04-05T13:35:18 MSK" duration-ms="21697" status="PASS">
          <params>
            <param index="0">
              <value>
                <![CDATA[edge]]>
              </value>
            </param>
          </params>
          <reporter-output>
          </reporter-output>
        </test-method> <!-- setup -->
        <test-method signature="homePageTitleTest()[pri:0, instance:com.qa.opencart.tests.HomePageTest@298a5e20]" started-at="2023-04-05T13:35:18 MSK" name="homePageTitleTest" finished-at="2023-04-05T13:35:18 MSK" duration-ms="23" status="PASS">
          <reporter-output>
          </reporter-output>
        </test-method> <!-- homePageTitleTest -->
        <test-method signature="homePageURLTest()[pri:0, instance:com.qa.opencart.tests.HomePageTest@298a5e20]" started-at="2023-04-05T13:35:18 MSK" name="homePageURLTest" finished-at="2023-04-05T13:35:18 MSK" duration-ms="1" status="PASS">
          <reporter-output>
          </reporter-output>
        </test-method> <!-- homePageURLTest -->
        <test-method signature="searchTest(java.lang.String)[pri:0, instance:com.qa.opencart.tests.HomePageTest@298a5e20]" started-at="2023-04-05T13:35:18 MSK" name="searchTest" data-provider="getProductData" finished-at="2023-04-05T13:35:24 MSK" duration-ms="5724" status="PASS">
          <params>
            <param index="0">
              <value>
                <![CDATA[Macbook]]>
              </value>
            </param>
          </params>
          <reporter-output>
          </reporter-output>
        </test-method> <!-- searchTest -->
        <test-method signature="searchTest(java.lang.String)[pri:0, instance:com.qa.opencart.tests.HomePageTest@298a5e20]" started-at="2023-04-05T13:35:24 MSK" name="searchTest" data-provider="getProductData" finished-at="2023-04-05T13:35:30 MSK" duration-ms="5637" status="PASS">
          <params>
            <param index="0">
              <value>
                <![CDATA[iMac]]>
              </value>
            </param>
          </params>
          <reporter-output>
          </reporter-output>
        </test-method> <!-- searchTest -->
        <test-method signature="searchTest(java.lang.String)[pri:0, instance:com.qa.opencart.tests.HomePageTest@298a5e20]" started-at="2023-04-05T13:35:30 MSK" name="searchTest" data-provider="getProductData" finished-at="2023-04-05T13:35:36 MSK" duration-ms="6124" status="PASS">
          <params>
            <param index="0">
              <value>
                <![CDATA[Samsung]]>
              </value>
            </param>
          </params>
          <reporter-output>
          </reporter-output>
        </test-method> <!-- searchTest -->
        <test-method is-config="true" signature="tearDown()[pri:0, instance:com.qa.opencart.tests.HomePageTest@298a5e20]" started-at="2023-04-05T13:35:36 MSK" name="tearDown" finished-at="2023-04-05T13:35:36 MSK" duration-ms="191" status="PASS">
          <reporter-output>
          </reporter-output>
        </test-method> <!-- tearDown -->
      </class> <!-- com.qa.opencart.tests.HomePageTest -->
    </test> <!-- Open Cart Home Page Test_edge -->
  </suite> <!-- Open Cart Test Regression PW Suite -->
</testng-results>
